# JRE version: Java(TM) SE Runtime Environment (20.0.2+9) (build 20.0.2+9-78)
# Java VM: Java HotSpot(TM) 64-Bit Server VM (20.0.2+9-78, mixed mode, sharing, tiered, compressed oops, compressed class ptrs, g1 gc, windows-amd64)
GC Precious Log:
 CardTable entry size: 512
 Card Set container configuration: InlinePtr #cards 5 size 8 Array Of Cards #cards 12 size 40 Howl #buckets 4 coarsen threshold 1843 Howl Bitmap #cards 512 size 80 coarsen threshold 460 Card regions per heap region 1 cards per card region 2048
 CPUs: 8 total, 8 available
 Memory: 7979M
 Large Page Support: Disabled
 NUMA Support: Disabled
 Compressed Oops: Enabled (32-bit)
 Heap Region Size: 1M
 Heap Min Capacity: 8M
 Heap Initial Capacity: 126M
 Heap Max Capacity: 1996M
 Pre-touch: Disabled
 Parallel Workers: 8
 Concurrent Workers: 2
 Concurrent Refinement Workers: 8
 Periodic GC: Disabled
Heap:
 garbage-first heap   total 70656K, used 26043K [0x0000000083400000, 0x0000000100000000)
  region size 1024K, 6 young (6144K), 4 survivors (4096K)
 Metaspace       used 47952K, committed 48512K, reserved 1114112K
  class space    used 5889K, committed 6144K, reserved 1048576K
GC Heap History (20 events):
Event: 0.867 GC heap before
{Heap before GC invocations=0 (full 0):
 garbage-first heap   total 129024K, used 24576K [0x0000000083400000, 0x0000000100000000)
  region size 1024K, 23 young (23552K), 0 survivors (0K)
 Metaspace       used 6637K, committed 6848K, reserved 1114112K
  class space    used 638K, committed 768K, reserved 1048576K
}
Event: 0.878 GC heap after
{Heap after GC invocations=1 (full 0):
 garbage-first heap   total 129024K, used 10528K [0x0000000083400000, 0x0000000100000000)
  region size 1024K, 3 young (3072K), 3 survivors (3072K)
 Metaspace       used 6637K, committed 6848K, reserved 1114112K
  class space    used 638K, committed 768K, reserved 1048576K
}
Event: 1.477 GC heap before
{Heap before GC invocations=1 (full 0):
 garbage-first heap   total 129024K, used 35104K [0x0000000083400000, 0x0000000100000000)
  region size 1024K, 28 young (28672K), 3 survivors (3072K)
 Metaspace       used 12876K, committed 13248K, reserved 1114112K
  class space    used 1431K, committed 1600K, reserved 1048576K
}
Event: 1.482 GC heap after
{Heap after GC invocations=2 (full 0):
 garbage-first heap   total 129024K, used 12098K [0x0000000083400000, 0x0000000100000000)
  region size 1024K, 2 young (2048K), 2 survivors (2048K)
 Metaspace       used 12876K, committed 13248K, reserved 1114112K
  class space    used 1431K, committed 1600K, reserved 1048576K
}
Event: 2.203 GC heap before
{Heap before GC invocations=2 (full 0):
 garbage-first heap   total 129024K, used 43842K [0x0000000083400000, 0x0000000100000000)
  region size 1024K, 34 young (34816K), 2 survivors (2048K)
 Metaspace       used 21149K, committed 21504K, reserved 1114112K
  class space    used 2455K, committed 2624K, reserved 1048576K
}
Event: 2.208 GC heap after
{Heap after GC invocations=3 (full 0):
 garbage-first heap   total 129024K, used 13993K [0x0000000083400000, 0x0000000100000000)
  region size 1024K, 4 young (4096K), 4 survivors (4096K)
 Metaspace       used 21149K, committed 21504K, reserved 1114112K
  class space    used 2455K, committed 2624K, reserved 1048576K
}
Event: 3.033 GC heap before
{Heap before GC invocations=4 (full 0):
 garbage-first heap   total 58368K, used 43689K [0x0000000083400000, 0x0000000100000000)
  region size 1024K, 34 young (34816K), 4 survivors (4096K)
 Metaspace       used 27518K, committed 27968K, reserved 1114112K
  class space    used 3385K, committed 3584K, reserved 1048576K
}
Event: 3.038 GC heap after
{Heap after GC invocations=5 (full 0):
 garbage-first heap   total 58368K, used 16839K [0x0000000083400000, 0x0000000100000000)
  region size 1024K, 5 young (5120K), 5 survivors (5120K)
 Metaspace       used 27518K, committed 27968K, reserved 1114112K
  class space    used 3385K, committed 3584K, reserved 1048576K
}
Event: 4.837 GC heap before
{Heap before GC invocations=5 (full 0):
 garbage-first heap   total 58368K, used 38343K [0x0000000083400000, 0x0000000100000000)
  region size 1024K, 28 young (28672K), 5 survivors (5120K)
 Metaspace       used 35514K, committed 35968K, reserved 1114112K
  class space    used 4373K, committed 4544K, reserved 1048576K
}
Event: 4.843 GC heap after
{Heap after GC invocations=6 (full 0):
 garbage-first heap   total 58368K, used 19513K [0x0000000083400000, 0x0000000100000000)
  region size 1024K, 4 young (4096K), 4 survivors (4096K)
 Metaspace       used 35514K, committed 35968K, reserved 1114112K
  class space    used 4373K, committed 4544K, reserved 1048576K
}
Event: 4.869 GC heap before
{Heap before GC invocations=6 (full 0):
 garbage-first heap   total 58368K, used 19513K [0x0000000083400000, 0x0000000100000000)
  region size 1024K, 5 young (5120K), 4 survivors (4096K)
 Metaspace       used 35812K, committed 36288K, reserved 1114112K
  class space    used 4414K, committed 4608K, reserved 1048576K
}
Event: 4.872 GC heap after
{Heap after GC invocations=7 (full 0):
 garbage-first heap   total 58368K, used 19878K [0x0000000083400000, 0x0000000100000000)
  region size 1024K, 1 young (1024K), 1 survivors (1024K)
 Metaspace       used 35812K, committed 36288K, reserved 1114112K
  class space    used 4414K, committed 4608K, reserved 1048576K
}
Event: 13.825 GC heap before
{Heap before GC invocations=8 (full 0):
 garbage-first heap   total 58368K, used 46502K [0x0000000083400000, 0x0000000100000000)
  region size 1024K, 27 young (27648K), 1 survivors (1024K)
 Metaspace       used 41777K, committed 42304K, reserved 1114112K
  class space    used 5213K, committed 5440K, reserved 1048576K
}
Event: 13.830 GC heap after
{Heap after GC invocations=9 (full 0):
 garbage-first heap   total 58368K, used 21429K [0x0000000083400000, 0x0000000100000000)
  region size 1024K, 3 young (3072K), 3 survivors (3072K)
 Metaspace       used 41777K, committed 42304K, reserved 1114112K
  class space    used 5213K, committed 5440K, reserved 1048576K
}
Event: 14.051 GC heap before
{Heap before GC invocations=9 (full 0):
 garbage-first heap   total 58368K, used 46005K [0x0000000083400000, 0x0000000100000000)
  region size 1024K, 28 young (28672K), 3 survivors (3072K)
 Metaspace       used 43422K, committed 44032K, reserved 1114112K
  class space    used 5422K, committed 5696K, reserved 1048576K
}
Event: 14.054 GC heap after
{Heap after GC invocations=10 (full 0):
 garbage-first heap   total 58368K, used 22080K [0x0000000083400000, 0x0000000100000000)
  region size 1024K, 3 young (3072K), 3 survivors (3072K)
 Metaspace       used 43422K, committed 44032K, reserved 1114112K
  class space    used 5422K, committed 5696K, reserved 1048576K
}
Event: 14.130 GC heap before
{Heap before GC invocations=10 (full 0):
 garbage-first heap   total 58368K, used 48704K [0x0000000083400000, 0x0000000100000000)
  region size 1024K, 29 young (29696K), 3 survivors (3072K)
 Metaspace       used 43936K, committed 44544K, reserved 1114112K
  class space    used 5467K, committed 5760K, reserved 1048576K
}
Event: 14.133 GC heap after
{Heap after GC invocations=11 (full 0):
 garbage-first heap   total 58368K, used 22947K [0x0000000083400000, 0x0000000100000000)
  region size 1024K, 2 young (2048K), 2 survivors (2048K)
 Metaspace       used 43936K, committed 44544K, reserved 1114112K
  class space    used 5467K, committed 5760K, reserved 1048576K
}
Event: 14.667 GC heap before
{Heap before GC invocations=11 (full 0):
 garbage-first heap   total 58368K, used 49571K [0x0000000083400000, 0x0000000100000000)
  region size 1024K, 28 young (28672K), 2 survivors (2048K)
 Metaspace       used 47914K, committed 48512K, reserved 1114112K
  class space    used 5887K, committed 6144K, reserved 1048576K
}
Event: 14.672 GC heap after
{Heap after GC invocations=12 (full 0):
 garbage-first heap   total 70656K, used 25019K [0x0000000083400000, 0x0000000100000000)
  region size 1024K, 4 young (4096K), 4 survivors (4096K)
 Metaspace       used 47914K, committed 48512K, reserved 1114112K
  class space    used 5887K, committed 6144K, reserved 1048576K
}

