# JRE version: Java(TM) SE Runtime Environment (20.0.2+9) (build 20.0.2+9-78)
# Java VM: Java HotSpot(TM) 64-Bit Server VM (20.0.2+9-78, mixed mode, sharing, tiered, compressed oops, compressed class ptrs, g1 gc, windows-amd64)
GC Precious Log:
 CardTable entry size: 512
 Card Set container configuration: InlinePtr #cards 5 size 8 Array Of Cards #cards 12 size 40 Howl #buckets 4 coarsen threshold 1843 Howl Bitmap #cards 512 size 80 coarsen threshold 460 Card regions per heap region 1 cards per card region 2048
 CPUs: 8 total, 8 available
 Memory: 7979M
 Large Page Support: Disabled
 NUMA Support: Disabled
 Compressed Oops: Enabled (32-bit)
 Heap Region Size: 1M
 Heap Min Capacity: 8M
 Heap Initial Capacity: 126M
 Heap Max Capacity: 1996M
 Pre-touch: Disabled
 Parallel Workers: 8
 Concurrent Workers: 2
 Concurrent Refinement Workers: 8
 Periodic GC: Disabled
Heap:
 garbage-first heap   total 58368K, used 33182K [0x0000000083400000, 0x0000000100000000)
  region size 1024K, 15 young (15360K), 3 survivors (3072K)
 Metaspace       used 46982K, committed 47488K, reserved 1114112K
  class space    used 5657K, committed 5888K, reserved 1048576K
GC Heap History (18 events):
Event: 0.839 GC heap before
{Heap before GC invocations=0 (full 0):
 garbage-first heap   total 129024K, used 24576K [0x0000000083400000, 0x0000000100000000)
  region size 1024K, 23 young (23552K), 0 survivors (0K)
 Metaspace       used 6507K, committed 6656K, reserved 1114112K
  class space    used 629K, committed 704K, reserved 1048576K
}
Event: 0.846 GC heap after
{Heap after GC invocations=1 (full 0):
 garbage-first heap   total 129024K, used 11087K [0x0000000083400000, 0x0000000100000000)
  region size 1024K, 3 young (3072K), 3 survivors (3072K)
 Metaspace       used 6507K, committed 6656K, reserved 1114112K
  class space    used 629K, committed 704K, reserved 1048576K
}
Event: 1.479 GC heap before
{Heap before GC invocations=1 (full 0):
 garbage-first heap   total 129024K, used 37711K [0x0000000083400000, 0x0000000100000000)
  region size 1024K, 29 young (29696K), 3 survivors (3072K)
 Metaspace       used 13117K, committed 13440K, reserved 1114112K
  class space    used 1451K, committed 1600K, reserved 1048576K
}
Event: 1.485 GC heap after
{Heap after GC invocations=2 (full 0):
 garbage-first heap   total 129024K, used 12281K [0x0000000083400000, 0x0000000100000000)
  region size 1024K, 2 young (2048K), 2 survivors (2048K)
 Metaspace       used 13117K, committed 13440K, reserved 1114112K
  class space    used 1451K, committed 1600K, reserved 1048576K
}
Event: 2.260 GC heap before
{Heap before GC invocations=2 (full 0):
 garbage-first heap   total 129024K, used 43001K [0x0000000083400000, 0x0000000100000000)
  region size 1024K, 33 young (33792K), 2 survivors (2048K)
 Metaspace       used 21153K, committed 21504K, reserved 1114112K
  class space    used 2454K, committed 2624K, reserved 1048576K
}
Event: 2.265 GC heap after
{Heap after GC invocations=3 (full 0):
 garbage-first heap   total 129024K, used 14057K [0x0000000083400000, 0x0000000100000000)
  region size 1024K, 4 young (4096K), 4 survivors (4096K)
 Metaspace       used 21153K, committed 21504K, reserved 1114112K
  class space    used 2454K, committed 2624K, reserved 1048576K
}
Event: 3.048 GC heap before
{Heap before GC invocations=4 (full 0):
 garbage-first heap   total 58368K, used 44777K [0x0000000083400000, 0x0000000100000000)
  region size 1024K, 34 young (34816K), 4 survivors (4096K)
 Metaspace       used 27870K, committed 28288K, reserved 1114112K
  class space    used 3389K, committed 3584K, reserved 1048576K
}
Event: 3.054 GC heap after
{Heap after GC invocations=5 (full 0):
 garbage-first heap   total 58368K, used 16889K [0x0000000083400000, 0x0000000100000000)
  region size 1024K, 5 young (5120K), 5 survivors (5120K)
 Metaspace       used 27870K, committed 28288K, reserved 1114112K
  class space    used 3389K, committed 3584K, reserved 1048576K
}
Event: 4.539 GC heap before
{Heap before GC invocations=5 (full 0):
 garbage-first heap   total 58368K, used 35321K [0x0000000083400000, 0x0000000100000000)
  region size 1024K, 25 young (25600K), 5 survivors (5120K)
 Metaspace       used 35471K, committed 35968K, reserved 1114112K
  class space    used 4306K, committed 4544K, reserved 1048576K
}
Event: 4.544 GC heap after
{Heap after GC invocations=6 (full 0):
 garbage-first heap   total 58368K, used 19328K [0x0000000083400000, 0x0000000100000000)
  region size 1024K, 3 young (3072K), 3 survivors (3072K)
 Metaspace       used 35471K, committed 35968K, reserved 1114112K
  class space    used 4306K, committed 4544K, reserved 1048576K
}
Event: 4.623 GC heap before
{Heap before GC invocations=6 (full 0):
 garbage-first heap   total 58368K, used 20352K [0x0000000083400000, 0x0000000100000000)
  region size 1024K, 5 young (5120K), 3 survivors (3072K)
 Metaspace       used 35864K, committed 36288K, reserved 1114112K
  class space    used 4355K, committed 4544K, reserved 1048576K
}
Event: 4.626 GC heap after
{Heap after GC invocations=7 (full 0):
 garbage-first heap   total 58368K, used 19761K [0x0000000083400000, 0x0000000100000000)
  region size 1024K, 1 young (1024K), 1 survivors (1024K)
 Metaspace       used 35864K, committed 36288K, reserved 1114112K
  class space    used 4355K, committed 4544K, reserved 1048576K
}
Event: 10.702 GC heap before
{Heap before GC invocations=8 (full 0):
 garbage-first heap   total 58368K, used 45361K [0x0000000083400000, 0x0000000100000000)
  region size 1024K, 26 young (26624K), 1 survivors (1024K)
 Metaspace       used 42535K, committed 43072K, reserved 1114112K
  class space    used 5203K, committed 5440K, reserved 1048576K
}
Event: 10.704 GC heap after
{Heap after GC invocations=9 (full 0):
 garbage-first heap   total 58368K, used 21111K [0x0000000083400000, 0x0000000100000000)
  region size 1024K, 2 young (2048K), 2 survivors (2048K)
 Metaspace       used 42535K, committed 43072K, reserved 1114112K
  class space    used 5203K, committed 5440K, reserved 1048576K
}
Event: 10.760 GC heap before
{Heap before GC invocations=9 (full 0):
 garbage-first heap   total 58368K, used 47735K [0x0000000083400000, 0x0000000100000000)
  region size 1024K, 28 young (28672K), 2 survivors (2048K)
 Metaspace       used 42562K, committed 43072K, reserved 1114112K
  class space    used 5203K, committed 5440K, reserved 1048576K
}
Event: 10.763 GC heap after
{Heap after GC invocations=10 (full 0):
 garbage-first heap   total 58368K, used 21748K [0x0000000083400000, 0x0000000100000000)
  region size 1024K, 3 young (3072K), 3 survivors (3072K)
 Metaspace       used 42562K, committed 43072K, reserved 1114112K
  class space    used 5203K, committed 5440K, reserved 1048576K
}
Event: 11.019 GC heap before
{Heap before GC invocations=10 (full 0):
 garbage-first heap   total 58368K, used 48372K [0x0000000083400000, 0x0000000100000000)
  region size 1024K, 29 young (29696K), 3 survivors (3072K)
 Metaspace       used 44477K, committed 44992K, reserved 1114112K
  class space    used 5440K, committed 5696K, reserved 1048576K
}
Event: 11.022 GC heap after
{Heap after GC invocations=11 (full 0):
 garbage-first heap   total 58368K, used 22942K [0x0000000083400000, 0x0000000100000000)
  region size 1024K, 3 young (3072K), 3 survivors (3072K)
 Metaspace       used 44477K, committed 44992K, reserved 1114112K
  class space    used 5440K, committed 5696K, reserved 1048576K
}

