# JRE version: Java(TM) SE Runtime Environment (20.0.2+9) (build 20.0.2+9-78)
# Java VM: Java HotSpot(TM) 64-Bit Server VM (20.0.2+9-78, mixed mode, sharing, tiered, compressed oops, compressed class ptrs, g1 gc, windows-amd64)
GC Precious Log:
 CardTable entry size: 512
 Card Set container configuration: InlinePtr #cards 5 size 8 Array Of Cards #cards 12 size 40 Howl #buckets 4 coarsen threshold 1843 Howl Bitmap #cards 512 size 80 coarsen threshold 460 Card regions per heap region 1 cards per card region 2048
 CPUs: 8 total, 8 available
 Memory: 7979M
 Large Page Support: Disabled
 NUMA Support: Disabled
 Compressed Oops: Enabled (32-bit)
 Heap Region Size: 1M
 Heap Min Capacity: 8M
 Heap Initial Capacity: 126M
 Heap Max Capacity: 1996M
 Pre-touch: Disabled
 Parallel Workers: 8
 Concurrent Workers: 2
 Concurrent Refinement Workers: 8
 Periodic GC: Disabled
Heap:
 garbage-first heap   total 66560K, used 28038K [0x0000000083400000, 0x0000000100000000)
  region size 1024K, 8 young (8192K), 2 survivors (2048K)
 Metaspace       used 43859K, committed 44416K, reserved 1114112K
  class space    used 5380K, committed 5632K, reserved 1048576K
GC Heap History (18 events):
Event: 0.700 GC heap before
{Heap before GC invocations=0 (full 0):
 garbage-first heap   total 129024K, used 24576K [0x0000000083400000, 0x0000000100000000)
  region size 1024K, 23 young (23552K), 0 survivors (0K)
 Metaspace       used 6511K, committed 6656K, reserved 1114112K
  class space    used 630K, committed 704K, reserved 1048576K
}
Event: 0.706 GC heap after
{Heap after GC invocations=1 (full 0):
 garbage-first heap   total 129024K, used 11112K [0x0000000083400000, 0x0000000100000000)
  region size 1024K, 3 young (3072K), 3 survivors (3072K)
 Metaspace       used 6511K, committed 6656K, reserved 1114112K
  class space    used 630K, committed 704K, reserved 1048576K
}
Event: 1.242 GC heap before
{Heap before GC invocations=1 (full 0):
 garbage-first heap   total 129024K, used 37736K [0x0000000083400000, 0x0000000100000000)
  region size 1024K, 29 young (29696K), 3 survivors (3072K)
 Metaspace       used 13097K, committed 13440K, reserved 1114112K
  class space    used 1451K, committed 1600K, reserved 1048576K
}
Event: 1.246 GC heap after
{Heap after GC invocations=2 (full 0):
 garbage-first heap   total 129024K, used 12215K [0x0000000083400000, 0x0000000100000000)
  region size 1024K, 2 young (2048K), 2 survivors (2048K)
 Metaspace       used 13097K, committed 13440K, reserved 1114112K
  class space    used 1451K, committed 1600K, reserved 1048576K
}
Event: 1.856 GC heap before
{Heap before GC invocations=2 (full 0):
 garbage-first heap   total 129024K, used 41911K [0x0000000083400000, 0x0000000100000000)
  region size 1024K, 33 young (33792K), 2 survivors (2048K)
 Metaspace       used 21151K, committed 21504K, reserved 1114112K
  class space    used 2455K, committed 2624K, reserved 1048576K
}
Event: 1.862 GC heap after
{Heap after GC invocations=3 (full 0):
 garbage-first heap   total 129024K, used 14054K [0x0000000083400000, 0x0000000100000000)
  region size 1024K, 4 young (4096K), 4 survivors (4096K)
 Metaspace       used 21151K, committed 21504K, reserved 1114112K
  class space    used 2455K, committed 2624K, reserved 1048576K
}
Event: 2.563 GC heap before
{Heap before GC invocations=4 (full 0):
 garbage-first heap   total 55296K, used 41702K [0x0000000083400000, 0x0000000100000000)
  region size 1024K, 32 young (32768K), 4 survivors (4096K)
 Metaspace       used 27445K, committed 27904K, reserved 1114112K
  class space    used 3331K, committed 3520K, reserved 1048576K
}
Event: 2.572 GC heap after
{Heap after GC invocations=5 (full 0):
 garbage-first heap   total 55296K, used 16396K [0x0000000083400000, 0x0000000100000000)
  region size 1024K, 4 young (4096K), 4 survivors (4096K)
 Metaspace       used 27445K, committed 27904K, reserved 1114112K
  class space    used 3331K, committed 3520K, reserved 1048576K
}
Event: 3.884 GC heap before
{Heap before GC invocations=5 (full 0):
 garbage-first heap   total 55296K, used 36876K [0x0000000083400000, 0x0000000100000000)
  region size 1024K, 26 young (26624K), 4 survivors (4096K)
 Metaspace       used 35514K, committed 35968K, reserved 1114112K
  class space    used 4315K, committed 4544K, reserved 1048576K
}
Event: 3.891 GC heap after
{Heap after GC invocations=6 (full 0):
 garbage-first heap   total 55296K, used 19600K [0x0000000083400000, 0x0000000100000000)
  region size 1024K, 3 young (3072K), 3 survivors (3072K)
 Metaspace       used 35514K, committed 35968K, reserved 1114112K
  class space    used 4315K, committed 4544K, reserved 1048576K
}
Event: 3.970 GC heap before
{Heap before GC invocations=6 (full 0):
 garbage-first heap   total 55296K, used 19600K [0x0000000083400000, 0x0000000100000000)
  region size 1024K, 4 young (4096K), 3 survivors (3072K)
 Metaspace       used 35851K, committed 36288K, reserved 1114112K
  class space    used 4352K, committed 4544K, reserved 1048576K
}
Event: 3.973 GC heap after
{Heap after GC invocations=7 (full 0):
 garbage-first heap   total 55296K, used 20317K [0x0000000083400000, 0x0000000100000000)
  region size 1024K, 1 young (1024K), 1 survivors (1024K)
 Metaspace       used 35851K, committed 36288K, reserved 1114112K
  class space    used 4352K, committed 4544K, reserved 1048576K
}
Event: 9.850 GC heap before
{Heap before GC invocations=8 (full 0):
 garbage-first heap   total 55296K, used 41821K [0x0000000083400000, 0x0000000100000000)
  region size 1024K, 23 young (23552K), 1 survivors (1024K)
 Metaspace       used 41869K, committed 42368K, reserved 1114112K
  class space    used 5126K, committed 5376K, reserved 1048576K
}
Event: 9.852 GC heap after
{Heap after GC invocations=9 (full 0):
 garbage-first heap   total 55296K, used 21564K [0x0000000083400000, 0x0000000100000000)
  region size 1024K, 2 young (2048K), 2 survivors (2048K)
 Metaspace       used 41869K, committed 42368K, reserved 1114112K
  class space    used 5126K, committed 5376K, reserved 1048576K
}
Event: 9.934 GC heap before
{Heap before GC invocations=9 (full 0):
 garbage-first heap   total 55296K, used 44092K [0x0000000083400000, 0x0000000100000000)
  region size 1024K, 24 young (24576K), 2 survivors (2048K)
 Metaspace       used 42548K, committed 43072K, reserved 1114112K
  class space    used 5205K, committed 5440K, reserved 1048576K
}
Event: 9.938 GC heap after
{Heap after GC invocations=10 (full 0):
 garbage-first heap   total 55296K, used 21969K [0x0000000083400000, 0x0000000100000000)
  region size 1024K, 1 young (1024K), 1 survivors (1024K)
 Metaspace       used 42548K, committed 43072K, reserved 1114112K
  class space    used 5205K, committed 5440K, reserved 1048576K
}
Event: 9.957 GC heap before
{Heap before GC invocations=10 (full 0):
 garbage-first heap   total 55296K, used 45521K [0x0000000083400000, 0x0000000100000000)
  region size 1024K, 24 young (24576K), 1 survivors (1024K)
 Metaspace       used 42548K, committed 43072K, reserved 1114112K
  class space    used 5205K, committed 5440K, reserved 1048576K
}
Event: 9.959 GC heap after
{Heap after GC invocations=11 (full 0):
 garbage-first heap   total 66560K, used 22918K [0x0000000083400000, 0x0000000100000000)
  region size 1024K, 2 young (2048K), 2 survivors (2048K)
 Metaspace       used 42548K, committed 43072K, reserved 1114112K
  class space    used 5205K, committed 5440K, reserved 1048576K
}

