# JRE version: Java(TM) SE Runtime Environment (20.0.2+9) (build 20.0.2+9-78)
# Java VM: Java HotSpot(TM) 64-Bit Server VM (20.0.2+9-78, mixed mode, sharing, tiered, compressed oops, compressed class ptrs, g1 gc, windows-amd64)
GC Precious Log:
 CardTable entry size: 512
 Card Set container configuration: InlinePtr #cards 5 size 8 Array Of Cards #cards 12 size 40 Howl #buckets 4 coarsen threshold 1843 Howl Bitmap #cards 512 size 80 coarsen threshold 460 Card regions per heap region 1 cards per card region 2048
 CPUs: 8 total, 8 available
 Memory: 7979M
 Large Page Support: Disabled
 NUMA Support: Disabled
 Compressed Oops: Enabled (32-bit)
 Heap Region Size: 1M
 Heap Min Capacity: 8M
 Heap Initial Capacity: 126M
 Heap Max Capacity: 1996M
 Pre-touch: Disabled
 Parallel Workers: 8
 Concurrent Workers: 2
 Concurrent Refinement Workers: 8
 Periodic GC: Disabled
Heap:
 garbage-first heap   total 66560K, used 42314K [0x0000000083400000, 0x0000000100000000)
  region size 1024K, 22 young (22528K), 2 survivors (2048K)
 Metaspace       used 47030K, committed 47552K, reserved 1114112K
  class space    used 5658K, committed 5888K, reserved 1048576K
GC Heap History (18 events):
Event: 1.041 GC heap before
{Heap before GC invocations=0 (full 0):
 garbage-first heap   total 129024K, used 24576K [0x0000000083400000, 0x0000000100000000)
  region size 1024K, 23 young (23552K), 0 survivors (0K)
 Metaspace       used 6631K, committed 6912K, reserved 1114112K
  class space    used 643K, committed 768K, reserved 1048576K
}
Event: 1.048 GC heap after
{Heap after GC invocations=1 (full 0):
 garbage-first heap   total 129024K, used 11104K [0x0000000083400000, 0x0000000100000000)
  region size 1024K, 3 young (3072K), 3 survivors (3072K)
 Metaspace       used 6631K, committed 6912K, reserved 1114112K
  class space    used 643K, committed 768K, reserved 1048576K
}
Event: 1.648 GC heap before
{Heap before GC invocations=1 (full 0):
 garbage-first heap   total 129024K, used 36704K [0x0000000083400000, 0x0000000100000000)
  region size 1024K, 28 young (28672K), 3 survivors (3072K)
 Metaspace       used 12857K, committed 13248K, reserved 1114112K
  class space    used 1428K, committed 1600K, reserved 1048576K
}
Event: 1.655 GC heap after
{Heap after GC invocations=2 (full 0):
 garbage-first heap   total 129024K, used 12301K [0x0000000083400000, 0x0000000100000000)
  region size 1024K, 2 young (2048K), 2 survivors (2048K)
 Metaspace       used 12857K, committed 13248K, reserved 1114112K
  class space    used 1428K, committed 1600K, reserved 1048576K
}
Event: 2.623 GC heap before
{Heap before GC invocations=2 (full 0):
 garbage-first heap   total 129024K, used 43021K [0x0000000083400000, 0x0000000100000000)
  region size 1024K, 34 young (34816K), 2 survivors (2048K)
 Metaspace       used 21170K, committed 21504K, reserved 1114112K
  class space    used 2454K, committed 2624K, reserved 1048576K
}
Event: 2.627 GC heap after
{Heap after GC invocations=3 (full 0):
 garbage-first heap   total 129024K, used 14299K [0x0000000083400000, 0x0000000100000000)
  region size 1024K, 4 young (4096K), 4 survivors (4096K)
 Metaspace       used 21170K, committed 21504K, reserved 1114112K
  class space    used 2454K, committed 2624K, reserved 1048576K
}
Event: 4.134 GC heap before
{Heap before GC invocations=4 (full 0):
 garbage-first heap   total 55296K, used 41947K [0x0000000083400000, 0x0000000100000000)
  region size 1024K, 32 young (32768K), 4 survivors (4096K)
 Metaspace       used 27521K, committed 27968K, reserved 1114112K
  class space    used 3332K, committed 3520K, reserved 1048576K
}
Event: 4.141 GC heap after
{Heap after GC invocations=5 (full 0):
 garbage-first heap   total 55296K, used 16535K [0x0000000083400000, 0x0000000100000000)
  region size 1024K, 4 young (4096K), 4 survivors (4096K)
 Metaspace       used 27521K, committed 27968K, reserved 1114112K
  class space    used 3332K, committed 3520K, reserved 1048576K
}
Event: 6.007 GC heap before
{Heap before GC invocations=5 (full 0):
 garbage-first heap   total 55296K, used 38039K [0x0000000083400000, 0x0000000100000000)
  region size 1024K, 26 young (26624K), 4 survivors (4096K)
 Metaspace       used 35490K, committed 35968K, reserved 1114112K
  class space    used 4293K, committed 4544K, reserved 1048576K
}
Event: 6.014 GC heap after
{Heap after GC invocations=6 (full 0):
 garbage-first heap   total 55296K, used 19337K [0x0000000083400000, 0x0000000100000000)
  region size 1024K, 3 young (3072K), 3 survivors (3072K)
 Metaspace       used 35490K, committed 35968K, reserved 1114112K
  class space    used 4293K, committed 4544K, reserved 1048576K
}
Event: 6.095 GC heap before
{Heap before GC invocations=6 (full 0):
 garbage-first heap   total 55296K, used 20361K [0x0000000083400000, 0x0000000100000000)
  region size 1024K, 5 young (5120K), 3 survivors (3072K)
 Metaspace       used 35855K, committed 36288K, reserved 1114112K
  class space    used 4344K, committed 4544K, reserved 1048576K
}
Event: 6.098 GC heap after
{Heap after GC invocations=7 (full 0):
 garbage-first heap   total 55296K, used 19948K [0x0000000083400000, 0x0000000100000000)
  region size 1024K, 1 young (1024K), 1 survivors (1024K)
 Metaspace       used 35855K, committed 36288K, reserved 1114112K
  class space    used 4344K, committed 4544K, reserved 1048576K
}
Event: 12.295 GC heap before
{Heap before GC invocations=8 (full 0):
 garbage-first heap   total 55296K, used 43500K [0x0000000083400000, 0x0000000100000000)
  region size 1024K, 24 young (24576K), 1 survivors (1024K)
 Metaspace       used 42299K, committed 42752K, reserved 1114112K
  class space    used 5163K, committed 5376K, reserved 1048576K
}
Event: 12.298 GC heap after
{Heap after GC invocations=9 (full 0):
 garbage-first heap   total 55296K, used 21208K [0x0000000083400000, 0x0000000100000000)
  region size 1024K, 2 young (2048K), 2 survivors (2048K)
 Metaspace       used 42299K, committed 42752K, reserved 1114112K
  class space    used 5163K, committed 5376K, reserved 1048576K
}
Event: 12.412 GC heap before
{Heap before GC invocations=9 (full 0):
 garbage-first heap   total 55296K, used 44760K [0x0000000083400000, 0x0000000100000000)
  region size 1024K, 25 young (25600K), 2 survivors (2048K)
 Metaspace       used 42622K, committed 43200K, reserved 1114112K
  class space    used 5204K, committed 5440K, reserved 1048576K
}
Event: 12.416 GC heap after
{Heap after GC invocations=10 (full 0):
 garbage-first heap   total 55296K, used 21808K [0x0000000083400000, 0x0000000100000000)
  region size 1024K, 3 young (3072K), 3 survivors (3072K)
 Metaspace       used 42622K, committed 43200K, reserved 1114112K
  class space    used 5204K, committed 5440K, reserved 1048576K
}
Event: 12.565 GC heap before
{Heap before GC invocations=10 (full 0):
 garbage-first heap   total 55296K, used 46384K [0x0000000083400000, 0x0000000100000000)
  region size 1024K, 27 young (27648K), 3 survivors (3072K)
 Metaspace       used 43334K, committed 43840K, reserved 1114112K
  class space    used 5308K, committed 5504K, reserved 1048576K
}
Event: 12.570 GC heap after
{Heap after GC invocations=11 (full 0):
 garbage-first heap   total 66560K, used 22858K [0x0000000083400000, 0x0000000100000000)
  region size 1024K, 2 young (2048K), 2 survivors (2048K)
 Metaspace       used 43334K, committed 43840K, reserved 1114112K
  class space    used 5308K, committed 5504K, reserved 1048576K
}

