# JRE version: Java(TM) SE Runtime Environment (20.0.2+9) (build 20.0.2+9-78)
# Java VM: Java HotSpot(TM) 64-Bit Server VM (20.0.2+9-78, mixed mode, sharing, tiered, compressed oops, compressed class ptrs, g1 gc, windows-amd64)
GC Precious Log:
 CardTable entry size: 512
 Card Set container configuration: InlinePtr #cards 5 size 8 Array Of Cards #cards 12 size 40 Howl #buckets 4 coarsen threshold 1843 Howl Bitmap #cards 512 size 80 coarsen threshold 460 Card regions per heap region 1 cards per card region 2048
 CPUs: 8 total, 8 available
 Memory: 7979M
 Large Page Support: Disabled
 NUMA Support: Disabled
 Compressed Oops: Enabled (32-bit)
 Heap Region Size: 1M
 Heap Min Capacity: 8M
 Heap Initial Capacity: 126M
 Heap Max Capacity: 1996M
 Pre-touch: Disabled
 Parallel Workers: 8
 Concurrent Workers: 2
 Concurrent Refinement Workers: 8
 Periodic GC: Disabled
Heap:
 garbage-first heap   total 55296K, used 31998K [0x0000000083400000, 0x0000000100000000)
  region size 1024K, 2 young (2048K), 2 survivors (2048K)
 Metaspace       used 51080K, committed 51840K, reserved 1114112K
  class space    used 6569K, committed 6976K, reserved 1048576K
GC Heap History (20 events):
Event: 4.496 GC heap after
{Heap after GC invocations=6 (full 0):
 garbage-first heap   total 55296K, used 18094K [0x0000000083400000, 0x0000000100000000)
  region size 1024K, 4 young (4096K), 4 survivors (4096K)
 Metaspace       used 31317K, committed 32064K, reserved 1114112K
  class space    used 4093K, committed 4416K, reserved 1048576K
}
Event: 6.718 GC heap before
{Heap before GC invocations=6 (full 0):
 garbage-first heap   total 55296K, used 31406K [0x0000000083400000, 0x0000000100000000)
  region size 1024K, 19 young (19456K), 4 survivors (4096K)
 Metaspace       used 35239K, committed 35968K, reserved 1114112K
  class space    used 4674K, committed 4992K, reserved 1048576K
}
Event: 6.722 GC heap after
{Heap after GC invocations=7 (full 0):
 garbage-first heap   total 55296K, used 19993K [0x0000000083400000, 0x0000000100000000)
  region size 1024K, 2 young (2048K), 2 survivors (2048K)
 Metaspace       used 35239K, committed 35968K, reserved 1114112K
  class space    used 4674K, committed 4992K, reserved 1048576K
}
Event: 14.944 GC heap before
{Heap before GC invocations=8 (full 0):
 garbage-first heap   total 55296K, used 43545K [0x0000000083400000, 0x0000000100000000)
  region size 1024K, 26 young (26624K), 2 survivors (2048K)
 Metaspace       used 40582K, committed 41408K, reserved 1114112K
  class space    used 5605K, committed 5952K, reserved 1048576K
}
Event: 14.958 GC heap after
{Heap after GC invocations=9 (full 0):
 garbage-first heap   total 55296K, used 22609K [0x0000000083400000, 0x0000000100000000)
  region size 1024K, 4 young (4096K), 4 survivors (4096K)
 Metaspace       used 40582K, committed 41408K, reserved 1114112K
  class space    used 5605K, committed 5952K, reserved 1048576K
}
Event: 40.970 GC heap before
{Heap before GC invocations=9 (full 0):
 garbage-first heap   total 55296K, used 43089K [0x0000000083400000, 0x0000000100000000)
  region size 1024K, 25 young (25600K), 4 survivors (4096K)
 Metaspace       used 42432K, committed 43328K, reserved 1114112K
  class space    used 5757K, committed 6144K, reserved 1048576K
}
Event: 41.009 GC heap after
{Heap after GC invocations=10 (full 0):
 garbage-first heap   total 55296K, used 24620K [0x0000000083400000, 0x0000000100000000)
  region size 1024K, 3 young (3072K), 3 survivors (3072K)
 Metaspace       used 42432K, committed 43328K, reserved 1114112K
  class space    used 5757K, committed 6144K, reserved 1048576K
}
Event: 47.423 GC heap before
{Heap before GC invocations=10 (full 0):
 garbage-first heap   total 55296K, used 45100K [0x0000000083400000, 0x0000000100000000)
  region size 1024K, 24 young (24576K), 3 survivors (3072K)
 Metaspace       used 46308K, committed 47232K, reserved 1114112K
  class space    used 6196K, committed 6592K, reserved 1048576K
}
Event: 47.429 GC heap after
{Heap after GC invocations=11 (full 0):
 garbage-first heap   total 55296K, used 25745K [0x0000000083400000, 0x0000000100000000)
  region size 1024K, 2 young (2048K), 2 survivors (2048K)
 Metaspace       used 46308K, committed 47232K, reserved 1114112K
  class space    used 6196K, committed 6592K, reserved 1048576K
}
Event: 47.617 GC heap before
{Heap before GC invocations=11 (full 0):
 garbage-first heap   total 55296K, used 46225K [0x0000000083400000, 0x0000000100000000)
  region size 1024K, 23 young (23552K), 2 survivors (2048K)
 Metaspace       used 46558K, committed 47488K, reserved 1114112K
  class space    used 6230K, committed 6656K, reserved 1048576K
}
Event: 47.619 GC heap after
{Heap after GC invocations=12 (full 0):
 garbage-first heap   total 55296K, used 26425K [0x0000000083400000, 0x0000000100000000)
  region size 1024K, 2 young (2048K), 2 survivors (2048K)
 Metaspace       used 46558K, committed 47488K, reserved 1114112K
  class space    used 6230K, committed 6656K, reserved 1048576K
}
Event: 47.716 GC heap before
{Heap before GC invocations=12 (full 0):
 garbage-first heap   total 55296K, used 48953K [0x0000000083400000, 0x0000000100000000)
  region size 1024K, 25 young (25600K), 2 survivors (2048K)
 Metaspace       used 46558K, committed 47488K, reserved 1114112K
  class space    used 6230K, committed 6656K, reserved 1048576K
}
Event: 47.719 GC heap after
{Heap after GC invocations=13 (full 0):
 garbage-first heap   total 55296K, used 27252K [0x0000000083400000, 0x0000000100000000)
  region size 1024K, 2 young (2048K), 2 survivors (2048K)
 Metaspace       used 46558K, committed 47488K, reserved 1114112K
  class space    used 6230K, committed 6656K, reserved 1048576K
}
Event: 49.168 GC heap before
{Heap before GC invocations=13 (full 0):
 garbage-first heap   total 55296K, used 46708K [0x0000000083400000, 0x0000000100000000)
  region size 1024K, 22 young (22528K), 2 survivors (2048K)
 Metaspace       used 49107K, committed 50048K, reserved 1114112K
  class space    used 6547K, committed 6976K, reserved 1048576K
}
Event: 49.176 GC heap after
{Heap after GC invocations=14 (full 0):
 garbage-first heap   total 55296K, used 28884K [0x0000000083400000, 0x0000000100000000)
  region size 1024K, 3 young (3072K), 3 survivors (3072K)
 Metaspace       used 49107K, committed 50048K, reserved 1114112K
  class space    used 6547K, committed 6976K, reserved 1048576K
}
Event: 53.288 GC heap before
{Heap before GC invocations=15 (full 0):
 garbage-first heap   total 55296K, used 46292K [0x0000000083400000, 0x0000000100000000)
  region size 1024K, 21 young (21504K), 3 survivors (3072K)
 Metaspace       used 50702K, committed 51456K, reserved 1114112K
  class space    used 6569K, committed 6976K, reserved 1048576K
}
Event: 53.294 GC heap after
{Heap after GC invocations=16 (full 0):
 garbage-first heap   total 55296K, used 30635K [0x0000000083400000, 0x0000000100000000)
  region size 1024K, 2 young (2048K), 2 survivors (2048K)
 Metaspace       used 50702K, committed 51456K, reserved 1114112K
  class space    used 6569K, committed 6976K, reserved 1048576K
}
Event: 55.301 GC heap before
{Heap before GC invocations=16 (full 0):
 garbage-first heap   total 55296K, used 48043K [0x0000000083400000, 0x0000000100000000)
  region size 1024K, 19 young (19456K), 2 survivors (2048K)
 Metaspace       used 50921K, committed 51648K, reserved 1114112K
  class space    used 6569K, committed 6976K, reserved 1048576K
}
Event: 55.385 GC heap after
{Heap after GC invocations=17 (full 0):
 garbage-first heap   total 55296K, used 31613K [0x0000000083400000, 0x0000000100000000)
  region size 1024K, 3 young (3072K), 3 survivors (3072K)
 Metaspace       used 50921K, committed 51648K, reserved 1114112K
  class space    used 6569K, committed 6976K, reserved 1048576K
}
Event: 61.564 GC heap before
{Heap before GC invocations=17 (full 0):
 garbage-first heap   total 55296K, used 46973K [0x0000000083400000, 0x0000000100000000)
  region size 1024K, 19 young (19456K), 3 survivors (3072K)
 Metaspace       used 51080K, committed 51840K, reserved 1114112K
  class space    used 6569K, committed 6976K, reserved 1048576K
}

