# JRE version: Java(TM) SE Runtime Environment (20.0.2+9) (build 20.0.2+9-78)
# Java VM: Java HotSpot(TM) 64-Bit Server VM (20.0.2+9-78, mixed mode, sharing, tiered, compressed oops, compressed class ptrs, g1 gc, windows-amd64)
GC Precious Log:
 CardTable entry size: 512
 Card Set container configuration: InlinePtr #cards 5 size 8 Array Of Cards #cards 12 size 40 Howl #buckets 4 coarsen threshold 1843 Howl Bitmap #cards 512 size 80 coarsen threshold 460 Card regions per heap region 1 cards per card region 2048
 CPUs: 8 total, 8 available
 Memory: 7979M
 Large Page Support: Disabled
 NUMA Support: Disabled
 Compressed Oops: Enabled (32-bit)
 Heap Region Size: 1M
 Heap Min Capacity: 8M
 Heap Initial Capacity: 126M
 Heap Max Capacity: 1996M
 Pre-touch: Disabled
 Parallel Workers: 8
 Concurrent Workers: 2
 Concurrent Refinement Workers: 8
 Periodic GC: Disabled
Heap:
 garbage-first heap   total 55296K, used 34006K [0x0000000083400000, 0x0000000100000000)
  region size 1024K, 14 young (14336K), 4 survivors (4096K)
 Metaspace       used 48532K, committed 49152K, reserved 1114112K
  class space    used 5928K, committed 6208K, reserved 1048576K
GC Heap History (20 events):
Event: 1.675 GC heap before
{Heap before GC invocations=1 (full 0):
 garbage-first heap   total 129024K, used 37520K [0x0000000083400000, 0x0000000100000000)
  region size 1024K, 29 young (29696K), 3 survivors (3072K)
 Metaspace       used 13121K, committed 13440K, reserved 1114112K
  class space    used 1451K, committed 1600K, reserved 1048576K
}
Event: 1.681 GC heap after
{Heap after GC invocations=2 (full 0):
 garbage-first heap   total 129024K, used 12400K [0x0000000083400000, 0x0000000100000000)
  region size 1024K, 2 young (2048K), 2 survivors (2048K)
 Metaspace       used 13121K, committed 13440K, reserved 1114112K
  class space    used 1451K, committed 1600K, reserved 1048576K
}
Event: 2.676 GC heap before
{Heap before GC invocations=2 (full 0):
 garbage-first heap   total 129024K, used 43120K [0x0000000083400000, 0x0000000100000000)
  region size 1024K, 33 young (33792K), 2 survivors (2048K)
 Metaspace       used 21160K, committed 21504K, reserved 1114112K
  class space    used 2455K, committed 2624K, reserved 1048576K
}
Event: 2.682 GC heap after
{Heap after GC invocations=3 (full 0):
 garbage-first heap   total 129024K, used 14238K [0x0000000083400000, 0x0000000100000000)
  region size 1024K, 4 young (4096K), 4 survivors (4096K)
 Metaspace       used 21160K, committed 21504K, reserved 1114112K
  class space    used 2455K, committed 2624K, reserved 1048576K
}
Event: 3.587 GC heap before
{Heap before GC invocations=4 (full 0):
 garbage-first heap   total 55296K, used 41886K [0x0000000083400000, 0x0000000100000000)
  region size 1024K, 32 young (32768K), 4 survivors (4096K)
 Metaspace       used 27087K, committed 27456K, reserved 1114112K
  class space    used 3306K, committed 3456K, reserved 1048576K
}
Event: 3.593 GC heap after
{Heap after GC invocations=5 (full 0):
 garbage-first heap   total 55296K, used 16597K [0x0000000083400000, 0x0000000100000000)
  region size 1024K, 4 young (4096K), 4 survivors (4096K)
 Metaspace       used 27087K, committed 27456K, reserved 1114112K
  class space    used 3306K, committed 3456K, reserved 1048576K
}
Event: 5.646 GC heap before
{Heap before GC invocations=5 (full 0):
 garbage-first heap   total 55296K, used 40149K [0x0000000083400000, 0x0000000100000000)
  region size 1024K, 27 young (27648K), 4 survivors (4096K)
 Metaspace       used 34204K, committed 34752K, reserved 1114112K
  class space    used 4211K, committed 4480K, reserved 1048576K
}
Event: 5.652 GC heap after
{Heap after GC invocations=6 (full 0):
 garbage-first heap   total 55296K, used 20434K [0x0000000083400000, 0x0000000100000000)
  region size 1024K, 4 young (4096K), 4 survivors (4096K)
 Metaspace       used 34204K, committed 34752K, reserved 1114112K
  class space    used 4211K, committed 4480K, reserved 1048576K
}
Event: 5.722 GC heap before
{Heap before GC invocations=6 (full 0):
 garbage-first heap   total 55296K, used 21458K [0x0000000083400000, 0x0000000100000000)
  region size 1024K, 6 young (6144K), 4 survivors (4096K)
 Metaspace       used 35509K, committed 35968K, reserved 1114112K
  class space    used 4368K, committed 4544K, reserved 1048576K
}
Event: 5.725 GC heap after
{Heap after GC invocations=7 (full 0):
 garbage-first heap   total 55296K, used 20077K [0x0000000083400000, 0x0000000100000000)
  region size 1024K, 1 young (1024K), 1 survivors (1024K)
 Metaspace       used 35509K, committed 35968K, reserved 1114112K
  class space    used 4368K, committed 4544K, reserved 1048576K
}
Event: 14.015 GC heap before
{Heap before GC invocations=8 (full 0):
 garbage-first heap   total 55296K, used 41581K [0x0000000083400000, 0x0000000100000000)
  region size 1024K, 23 young (23552K), 1 survivors (1024K)
 Metaspace       used 40868K, committed 41472K, reserved 1114112K
  class space    used 5103K, committed 5376K, reserved 1048576K
}
Event: 14.020 GC heap after
{Heap after GC invocations=9 (full 0):
 garbage-first heap   total 55296K, used 21613K [0x0000000083400000, 0x0000000100000000)
  region size 1024K, 3 young (3072K), 3 survivors (3072K)
 Metaspace       used 40868K, committed 41472K, reserved 1114112K
  class space    used 5103K, committed 5376K, reserved 1048576K
}
Event: 14.550 GC heap before
{Heap before GC invocations=9 (full 0):
 garbage-first heap   total 55296K, used 44141K [0x0000000083400000, 0x0000000100000000)
  region size 1024K, 25 young (25600K), 3 survivors (3072K)
 Metaspace       used 43435K, committed 44032K, reserved 1114112K
  class space    used 5424K, committed 5696K, reserved 1048576K
}
Event: 14.554 GC heap after
{Heap after GC invocations=10 (full 0):
 garbage-first heap   total 55296K, used 22261K [0x0000000083400000, 0x0000000100000000)
  region size 1024K, 3 young (3072K), 3 survivors (3072K)
 Metaspace       used 43435K, committed 44032K, reserved 1114112K
  class space    used 5424K, committed 5696K, reserved 1048576K
}
Event: 14.599 GC heap before
{Heap before GC invocations=10 (full 0):
 garbage-first heap   total 55296K, used 45813K [0x0000000083400000, 0x0000000100000000)
  region size 1024K, 26 young (26624K), 3 survivors (3072K)
 Metaspace       used 43435K, committed 44032K, reserved 1114112K
  class space    used 5424K, committed 5696K, reserved 1048576K
}
Event: 14.603 GC heap after
{Heap after GC invocations=11 (full 0):
 garbage-first heap   total 55296K, used 23047K [0x0000000083400000, 0x0000000100000000)
  region size 1024K, 2 young (2048K), 2 survivors (2048K)
 Metaspace       used 43435K, committed 44032K, reserved 1114112K
  class space    used 5424K, committed 5696K, reserved 1048576K
}
Event: 14.972 GC heap before
{Heap before GC invocations=11 (full 0):
 garbage-first heap   total 55296K, used 46599K [0x0000000083400000, 0x0000000100000000)
  region size 1024K, 25 young (25600K), 2 survivors (2048K)
 Metaspace       used 45689K, committed 46272K, reserved 1114112K
  class space    used 5707K, committed 5952K, reserved 1048576K
}
Event: 14.974 GC heap after
{Heap after GC invocations=12 (full 0):
 garbage-first heap   total 55296K, used 24593K [0x0000000083400000, 0x0000000100000000)
  region size 1024K, 4 young (4096K), 4 survivors (4096K)
 Metaspace       used 45689K, committed 46272K, reserved 1114112K
  class space    used 5707K, committed 5952K, reserved 1048576K
}
Event: 17.558 GC heap before
{Heap before GC invocations=12 (full 0):
 garbage-first heap   total 55296K, used 45073K [0x0000000083400000, 0x0000000100000000)
  region size 1024K, 25 young (25600K), 4 survivors (4096K)
 Metaspace       used 48140K, committed 48704K, reserved 1114112K
  class space    used 5891K, committed 6144K, reserved 1048576K
}
Event: 17.564 GC heap after
{Heap after GC invocations=13 (full 0):
 garbage-first heap   total 55296K, used 25814K [0x0000000083400000, 0x0000000100000000)
  region size 1024K, 4 young (4096K), 4 survivors (4096K)
 Metaspace       used 48140K, committed 48704K, reserved 1114112K
  class space    used 5891K, committed 6144K, reserved 1048576K
}

