<?xml version="1.0" encoding="UTF-8"?>
<testng-results ignored="0" total="1" passed="1" failed="0" skipped="0">
  <reporter-output>
  </reporter-output>
  <suite started-at="2024-04-29T09:55:45 GMT-04:00" name="Default suite" finished-at="2024-04-29T09:55:57 GMT-04:00" duration-ms="12870">
    <groups>
      <group name="cucumber">
        <method signature="AbstractTestNGCucumberTests.runScenario(io.cucumber.testng.PickleWrapper,io.cucumber.testng.FeatureWrapper)[pri:0, instance:com.lms.ui.runner.TestRunner@50029372]" name="runScenario" class="io.cucumber.testng.AbstractTestNGCucumberTests"/>
      </group> <!-- cucumber -->
    </groups>
    <test started-at="2024-04-29T09:55:45 GMT-04:00" name="Default test" finished-at="2024-04-29T09:55:57 GMT-04:00" duration-ms="12870">
      <class name="com.lms.ui.runner.TestRunner">
        <test-method is-config="true" signature="defineBrowser(java.lang.String)[pri:0, instance:com.lms.ui.runner.TestRunner@50029372]" started-at="2024-04-29T09:55:45 GMT-04:00" name="defineBrowser" finished-at="2024-04-29T09:55:45 GMT-04:00" duration-ms="33" status="PASS">
          <params>
            <param index="0">
              <value>
                <![CDATA[Chrome]]>
              </value>
            </param>
          </params>
          <reporter-output>
          </reporter-output>
        </test-method> <!-- defineBrowser -->
        <test-method is-config="true" signature="setUpClass(org.testng.ITestContext)[pri:0, instance:com.lms.ui.runner.TestRunner@50029372]" started-at="2024-04-29T09:55:45 GMT-04:00" name="setUpClass" finished-at="2024-04-29T09:55:46 GMT-04:00" duration-ms="872" status="PASS">
          <params>
            <param index="0">
              <value>
                <![CDATA[org.testng.TestRunner@53d6e959]]>
              </value>
            </param>
          </params>
          <reporter-output>
          </reporter-output>
        </test-method> <!-- setUpClass -->
        <test-method signature="runScenario(io.cucumber.testng.PickleWrapper,io.cucumber.testng.FeatureWrapper)[pri:0, instance:com.lms.ui.runner.TestRunner@50029372]" started-at="2024-04-29T09:55:46 GMT-04:00" name="runScenario" description="Runs Cucumber Scenarios" data-provider="scenarios" finished-at="2024-04-29T09:55:54 GMT-04:00" duration-ms="8803" status="PASS">
          <params>
            <param index="0">
              <value>
                <![CDATA["Empty form submission"]]>
              </value>
            </param>
            <param index="1">
              <value>
                <![CDATA["User Page Validation"]]>
              </value>
            </param>
          </params>
          <reporter-output>
          </reporter-output>
        </test-method> <!-- runScenario -->
        <test-method is-config="true" signature="tearDownClass()[pri:0, instance:com.lms.ui.runner.TestRunner@50029372]" started-at="2024-04-29T09:55:54 GMT-04:00" name="tearDownClass" finished-at="2024-04-29T09:55:57 GMT-04:00" duration-ms="3034" status="PASS">
          <reporter-output>
          </reporter-output>
        </test-method> <!-- tearDownClass -->
      </class> <!-- com.lms.ui.runner.TestRunner -->
    </test> <!-- Default test -->
  </suite> <!-- Default suite -->
</testng-results>
